<test>
<ide-script entry-id="1">wpIDEtest.xml</ide-script>
<ide-script entry-id="2">wpSiteIDEtest.xml</ide-script>
</test>
